1685601378775:p
1685601394463:help
1685601398600:p
1685602419065:help
1685602999803:clr
1685603031232:a
1685603041759:p
1685603048744:1
1685603051202:a
1685603053311:a1
1685603059300:n
1685603061651:p
1685603063922:a
1685603103434:a  1       PD1     iPhone 13       8999.0
1685603126837:a 1
1685603151785:a 1 1
1685603163264:a PD1 1
1685603167223:clr
1685604662588:help
1685604669944:n
1685604672680:p
1685604679519:a PD1 1
1685604691388:rm PD1 1
1685605076688:HELP
1685605082448:help
1685605089433:p
1685605094913:a PD2 2
1685605109814:rm
1685605131858:rm PD2
1685605936380:help
1685606002804:a PD1 3
1685606005988:rm
1685606011547:rm PD1
1685606303183:help
1685606337405:p
1685606819840:help
1685606823108:p
1685606830635:a PD1 3
1685606837099:a PD1 2
1685606847515:n
1685606853626:a PD1 2
1685606885012:help
1685606886866:p
1685606892559:n
1685606898277:a PD1 4
1685606906835:c
1685606910679:clr
